Added Component: Designator=C1(SMD_0805)
Added Component: Designator=C2(SMD_0805)
Added Component: Designator=C3(SMD_0805)
Added Component: Designator=C4(SMD_0805)
Added Component: Designator=C5(SMD_0805)
Added Component: Designator=C6(SMD_0805)
Added Component: Designator=C7(SMD_0805)
Added Component: Designator=D1(Test_Point_2_62D)
Added Component: Designator=D2(Test_Point_2_62D)
Added Component: Designator=D3(Test_Point_2_62D)
Added Component: Designator=F1(Littelfuse_154_OMNI-BLOK)
Add component (AddParameter): Name = "Rating"; Value = "5A"; VariantName = "[No Variations]"
Added Component: Designator=L1(Vishay_IHLP-3232DZ-11)
Added Component: Designator=R1(SMD_0805)
Added Component: Designator=R2(SMD_0805)
Added Component: Designator=R3(SMD_0805)
Added Component: Designator=R4(SMD_0805)
Added Component: Designator=R5(SMD_0805)
Added Component: Designator=R6(SMD_0805)
Added Component: Designator=R7(SMD_0805)
Add component (AddParameter): Name = "P/N"; Value = "ERJ-P06J120V"; VariantName = "[No Variations]"
Added Component: Designator=R8(SMD_0805)
Added Component: Designator=R9(SMD_0805)
Added Component: Designator=R10(SMD_0805)
Added Component: Designator=SW1(Test_Point_2_62D)
Added Component: Designator=SW2(Test_Point_2_62D)
Added Component: Designator=SW3(Test_Point_2_62D)
Added Component: Designator=SW4(Test_Point_2_62D)
Added Component: Designator=SW5(Test_Point_2_62D)
Added Component: Designator=TP1(Test_Point_100D)
Added Component: Designator=TP2(Test_Point_100D)
Added Component: Designator=U1(SMD_9-VFQFN)
Added Component: Designator=U2(SMD_SOT-23)
Added Component: Designator=U3(RPI_Connections)
Added Component: Designator=U4(SMD_SOT-23)
Added Component: Designator=U5(SMD_SOT-23)
Added Component: Designator=U6(SMD_16-SOIC)
Added Component: Designator=U7(SMD_SOT-23)
Added Pin To Net: NetName=3V6 Pin=C4-1
Added Pin To Net: NetName=3V6 Pin=C5-1
Added Pin To Net: NetName=3V6 Pin=C7-1
Added Pin To Net: NetName=3V6 Pin=L1-1
Added Pin To Net: NetName=3V6 Pin=SW1-1
Added Pin To Net: NetName=3V6 Pin=U1-3
Added Pin To Net: NetName=3V6 Pin=U2-2
Added Pin To Net: NetName=3V6 Pin=U6-1
Added Net: Name=3V6
Added Pin To Net: NetName=5V1 Pin=C1-1
Added Pin To Net: NetName=5V1 Pin=C2-1
Added Pin To Net: NetName=5V1 Pin=C3-1
Added Pin To Net: NetName=5V1 Pin=C6-2
Added Pin To Net: NetName=5V1 Pin=R2-1
Added Pin To Net: NetName=5V1 Pin=R3-1
Added Pin To Net: NetName=5V1 Pin=R7-1
Added Pin To Net: NetName=5V1 Pin=U1-6
Added Pin To Net: NetName=5V1 Pin=U1-9
Added Pin To Net: NetName=5V1 Pin=U3-2
Added Pin To Net: NetName=5V1 Pin=U6-15
Added Pin To Net: NetName=5V1 Pin=U6-16
Added Net: Name=5V1
Added Pin To Net: NetName=Capture Pin=SW4-2
Added Pin To Net: NetName=Capture Pin=U3-31
Added Net: Name=Capture
Added Pin To Net: NetName=CS Pin=U3-26
Added Pin To Net: NetName=CS Pin=U6-10
Added Net: Name=CS
Added Pin To Net: NetName=Flash Pin=R9-1
Added Pin To Net: NetName=Flash Pin=U3-15
Added Pin To Net: NetName=Flash Pin=U7-1
Added Net: Name=Flash
Added Pin To Net: NetName=LED1 Pin=R4-1
Added Pin To Net: NetName=LED1 Pin=U3-37
Added Pin To Net: NetName=LED1 Pin=U4-1
Added Net: Name=LED1
Added Pin To Net: NetName=MISO Pin=U3-21
Added Pin To Net: NetName=MISO Pin=U6-12
Added Net: Name=MISO
Added Pin To Net: NetName=MOSI Pin=U3-19
Added Pin To Net: NetName=MOSI Pin=U6-11
Added Net: Name=MOSI
Added Pin To Net: NetName=NetD1_ANOD Pin=R2-2
Added Net: Name=NetD1_ANOD
Added Pin To Net: NetName=NetD1_CATH Pin=U4-3
Added Net: Name=NetD1_CATH
Added Pin To Net: NetName=NetD2_ANOD Pin=R3-2
Added Net: Name=NetD2_ANOD
Added Pin To Net: NetName=NetD2_CATH Pin=U5-3
Added Net: Name=NetD2_CATH
Added Pin To Net: NetName=NetD3_ANOD Pin=R7-2
Added Net: Name=NetD3_ANOD
Added Pin To Net: NetName=NetD3_CATH Pin=U7-3
Added Net: Name=NetD3_CATH
Added Pin To Net: NetName=NetF1_2 Pin=F1-2
Added Pin To Net: NetName=NetF1_2 Pin=U2-3
Added Net: Name=NetF1_2
Added Pin To Net: NetName=NetL1_2 Pin=L1-2
Added Pin To Net: NetName=NetL1_2 Pin=U1-2
Added Net: Name=NetL1_2
Added Pin To Net: NetName=NetR1_1 Pin=R1-1
Added Pin To Net: NetName=NetR1_1 Pin=SW1-2
Added Pin To Net: NetName=NetR1_1 Pin=U1-7
Added Net: Name=NetR1_1
Added Pin To Net: NetName=NetR6_2 Pin=R6-2
Added Pin To Net: NetName=NetR6_2 Pin=SW2-1
Added Net: Name=NetR6_2
Added Pin To Net: NetName=NetR8_2 Pin=R8-2
Added Pin To Net: NetName=NetR8_2 Pin=SW3-1
Added Net: Name=NetR8_2
Added Pin To Net: NetName=NetR10_2 Pin=R10-2
Added Pin To Net: NetName=NetR10_2 Pin=SW4-1
Added Net: Name=NetR10_2
Added Pin To Net: NetName=Power Pin=SW5-2
Added Pin To Net: NetName=Power Pin=U3-5
Added Net: Name=Power
Added Pin To Net: NetName=SCLK Pin=U3-23
Added Pin To Net: NetName=SCLK Pin=U6-13
Added Net: Name=SCLK
Added Pin To Net: NetName=SEL1 Pin=SW2-2
Added Pin To Net: NetName=SEL1 Pin=U3-11
Added Net: Name=SEL1
Added Pin To Net: NetName=SEL2 Pin=SW3-2
Added Pin To Net: NetName=SEL2 Pin=U3-13
Added Net: Name=SEL2
Added Pin To Net: NetName=StatusLED Pin=R5-1
Added Pin To Net: NetName=StatusLED Pin=U3-8
Added Pin To Net: NetName=StatusLED Pin=U5-1
Added Net: Name=StatusLED
Added Pin To Net: NetName=Vbat+ Pin=F1-1
Added Pin To Net: NetName=Vbat+ Pin=TP1-1
Added Net: Name=Vbat+
Added Pin To Net: NetName=Vbat- Pin=C1-2
Added Pin To Net: NetName=Vbat- Pin=C2-2
Added Pin To Net: NetName=Vbat- Pin=C3-2
Added Pin To Net: NetName=Vbat- Pin=C4-2
Added Pin To Net: NetName=Vbat- Pin=C5-2
Added Pin To Net: NetName=Vbat- Pin=C6-1
Added Pin To Net: NetName=Vbat- Pin=C7-2
Added Pin To Net: NetName=Vbat- Pin=R1-2
Added Pin To Net: NetName=Vbat- Pin=R4-2
Added Pin To Net: NetName=Vbat- Pin=R5-2
Added Pin To Net: NetName=Vbat- Pin=R6-1
Added Pin To Net: NetName=Vbat- Pin=R8-1
Added Pin To Net: NetName=Vbat- Pin=R9-2
Added Pin To Net: NetName=Vbat- Pin=R10-1
Added Pin To Net: NetName=Vbat- Pin=SW5-1
Added Pin To Net: NetName=Vbat- Pin=TP2-1
Added Pin To Net: NetName=Vbat- Pin=U1-1
Added Pin To Net: NetName=Vbat- Pin=U1-4
Added Pin To Net: NetName=Vbat- Pin=U1-5
Added Pin To Net: NetName=Vbat- Pin=U1-8
Added Pin To Net: NetName=Vbat- Pin=U2-1
Added Pin To Net: NetName=Vbat- Pin=U3-6
Added Pin To Net: NetName=Vbat- Pin=U3-9
Added Pin To Net: NetName=Vbat- Pin=U3-14
Added Pin To Net: NetName=Vbat- Pin=U3-20
Added Pin To Net: NetName=Vbat- Pin=U3-25
Added Pin To Net: NetName=Vbat- Pin=U3-30
Added Pin To Net: NetName=Vbat- Pin=U3-34
Added Pin To Net: NetName=Vbat- Pin=U3-39
Added Pin To Net: NetName=Vbat- Pin=U4-2
Added Pin To Net: NetName=Vbat- Pin=U5-2
Added Pin To Net: NetName=Vbat- Pin=U6-9
Added Pin To Net: NetName=Vbat- Pin=U6-14
Added Pin To Net: NetName=Vbat- Pin=U7-2
Added Net: Name=Vbat-
Added Class: Name=DoPro Schematic
