Removed Pin From Net: NetName=5V1 Pin=C1-1
Removed Pin From Net: NetName=Vbat- Pin=C1-2
Removed Pin From Net: NetName=5V1 Pin=C2-1
Removed Pin From Net: NetName=Vbat- Pin=C2-2
Removed Pin From Net: NetName=5V1 Pin=C3-1
Removed Pin From Net: NetName=Vbat- Pin=C3-2
Removed Pin From Net: NetName=3V6 Pin=C4-1
Removed Pin From Net: NetName=Vbat- Pin=C4-2
Removed Pin From Net: NetName=NetD1_CATH Pin=D1-1
Removed Pin From Net: NetName=NetD1_ANOD Pin=D1-2
Removed Pin From Net: NetName=NetD2_CATH Pin=D2-1
Removed Pin From Net: NetName=NetD2_ANOD Pin=D2-2
Removed Pin From Net: NetName=NetD3_CATH Pin=D3-1
Removed Pin From Net: NetName=NetD3_ANOD Pin=D3-2
Removed Pin From Net: NetName=Vbat- Pin=U1-1
Removed Pin From Net: NetName=3V6 Pin=U1-3
Removed Pin From Net: NetName=Vbat- Pin=U1-4
Removed Pin From Net: NetName=Vbat- Pin=U1-5
Removed Pin From Net: NetName=5V1 Pin=U1-6
Removed Pin From Net: NetName=NetR1_1 Pin=U1-7
Removed Pin From Net: NetName=Vbat- Pin=U1-8
Removed Pin From Net: NetName=5V1 Pin=U1-9
Change Component Comment : Designator=C5 Old Comment=1uF New Comment=10uF
Change Component Designator: OldDesignator= NewDesignator=U3
Change Component Designator: OldDesignator=B+ NewDesignator=TP1
Change Component Designator: OldDesignator=B- NewDesignator=TP2
Added Component: Designator=C1(SMD_7343)
Added Component: Designator=C2(SMD_0805)
Added Component: Designator=C3(SMD_0805)
Added Component: Designator=C4(SMD_7343)
Added Component: Designator=C8(SMD_0805)
Added Component: Designator=C9(SMD_0805)
Added Component: Designator=C10(SMD_0805)
Added Component: Designator=D4(SMD_SMC_DO-214AB)
Added Component: Designator=R11(SMD_0805)
Added Component: Designator=R12(SMD_0805)
Added Component: Designator=R13(SMD_0805)
Added Component: Designator=U1(SMD_SO-8EP)
Added Pin To Net: NetName=5V1 Pin=C1-1
Added Pin To Net: NetName=Vbat- Pin=C1-2
Added Pin To Net: NetName=5V1 Pin=C2-1
Added Pin To Net: NetName=Vbat- Pin=C2-2
Added Pin To Net: NetName=3V6 Pin=C3-1
Added Pin To Net: NetName=Vbat- Pin=C3-2
Added Pin To Net: NetName=3V6 Pin=C4-1
Added Pin To Net: NetName=Vbat- Pin=C4-2
Added Pin To Net: NetName=Vbat- Pin=C8-2
Added Pin To Net: NetName=Vbat- Pin=C9-2
Added Pin To Net: NetName=Vbat- Pin=C10-2
Add Pin To Net: Unknown Pin: Pin D1-ANOD
Add Pin To Net: Unknown Pin: Pin D1-CATH
Add Pin To Net: Unknown Pin: Pin D2-ANOD
Add Pin To Net: Unknown Pin: Pin D2-CATH
Add Pin To Net: Unknown Pin: Pin D3-ANOD
Add Pin To Net: Unknown Pin: Pin D3-CATH
Added Pin To Net: NetName=5V1 Pin=D4-1
Added Pin To Net: NetName=5V1 Pin=R11-1
Added Pin To Net: NetName=Vbat- Pin=R12-2
Added Pin To Net: NetName=Vbat- Pin=U1-1
Added Pin To Net: NetName=3V6 Pin=U1-2
Added Pin To Net: NetName=NetR1_1 Pin=U1-3
Added Pin To Net: NetName=Vbat- Pin=U1-5
Added Pin To Net: NetName=Vbat- Pin=U1-9
Added Pin To Net: NetName=NetC8_1 Pin=C8-1
Added Pin To Net: NetName=NetC8_1 Pin=U1-7
Added Net: Name=NetC8_1
Added Pin To Net: NetName=NetC9_1 Pin=C9-1
Added Pin To Net: NetName=NetC9_1 Pin=R13-2
Added Net: Name=NetC9_1
Added Pin To Net: NetName=NetC10_1 Pin=C10-1
Added Pin To Net: NetName=NetC10_1 Pin=U1-4
Added Net: Name=NetC10_1
Added Pin To Net: NetName=NetD4_2 Pin=D4-2
Added Pin To Net: NetName=NetD4_2 Pin=L1-2
Added Pin To Net: NetName=NetD4_2 Pin=U1-8
Added Net: Name=NetD4_2
Added Pin To Net: NetName=NetR11_2 Pin=R11-2
Added Pin To Net: NetName=NetR11_2 Pin=R12-1
Added Pin To Net: NetName=NetR11_2 Pin=U1-6
Added Net: Name=NetR11_2
Added Member To Class: ClassName=DoPro Schematic Member=Component C8 10nF
Added Member To Class: ClassName=DoPro Schematic Member=Component C9 2.2nF
Added Member To Class: ClassName=DoPro Schematic Member=Component C10 47pF
Added Member To Class: ClassName=DoPro Schematic Member=Component D4 Schottky_Diode
Added Member To Class: ClassName=DoPro Schematic Member=Component R11 30.9K
Added Member To Class: ClassName=DoPro Schematic Member=Component R12 10K
Added Member To Class: ClassName=DoPro Schematic Member=Component R13 51K
Added Member To Class: ClassName=DoPro Schematic Member=Component TP1 Vbat+
Added Member To Class: ClassName=DoPro Schematic Member=Component TP2 Vbat-
Added Member To Class: ClassName=DoPro Schematic Member=Component U3 Raspberry Pi 4
